2018-07-04 17:43:34,932:INFO:discord.client: logging in using static token
2018-07-04 17:43:35,498:DEBUG:discord.http: GET https://discordapp.com/api/v6/users/@me with None has returned 200
2018-07-04 17:43:35,499:DEBUG:discord.http: GET https://discordapp.com/api/v6/users/@me has received {'username': 'NiggerBot', 'verified': True, 'locale': 'en-US', 'mfa_enabled': False, 'bot': True, 'id': '193611937165213697', 'flags': 0, 'avatar': 'ebe583d12b00e1d9816f17acbad15b67', 'discriminator': '8137', 'email': None}
2018-07-04 17:43:35,532:DEBUG:discord.http: GET https://discordapp.com/api/v6/gateway with None has returned 200
2018-07-04 17:43:35,532:DEBUG:discord.http: GET https://discordapp.com/api/v6/gateway has received {'url': 'wss://gateway.discord.gg'}
2018-07-04 17:43:35,724:INFO:discord.gateway: Created websocket connected to wss://gateway.discord.gg?encoding=json&v=6
2018-07-04 17:43:35,724:DEBUG:discord.client: Dispatching event socket_raw_receive
2018-07-04 17:43:35,725:DEBUG:discord.gateway: WebSocket Event: {'t': None, 's': None, 'op': 10, 'd': {'heartbeat_interval': 41250, '_trace': ['gateway-prd-main-mxv1']}}
2018-07-04 17:43:35,726:DEBUG:discord.client: Dispatching event socket_response
2018-07-04 17:43:35,729:INFO:discord.gateway: sent the identify payload to create the websocket
2018-07-04 17:43:35,778:DEBUG:discord.client: Dispatching event socket_raw_receive
2018-07-04 17:43:35,779:DEBUG:discord.gateway: WebSocket Event: {'t': 'READY', 's': 1, 'op': 0, 'd': {'v': 6, 'user_settings': {}, 'user': {'verified': True, 'username': 'NiggerBot', 'mfa_enabled': False, 'id': '193611937165213697', 'email': None, 'discriminator': '8137', 'bot': True, 'avatar': 'ebe583d12b00e1d9816f17acbad15b67'}, 'session_id': 'fb47e5a045ef8447723def827441a485', 'relationships': [], 'private_channels': [], 'presences': [], 'guilds': [{'unavailable': True, 'id': '332331693451116544'}], '_trace': ['gateway-prd-main-mxv1', 'discord-sessions-prd-1-16']}}
2018-07-04 17:43:35,780:DEBUG:discord.client: Dispatching event socket_response
2018-07-04 17:43:35,781:DEBUG:discord.client: Dispatching event socket_raw_receive
2018-07-04 17:43:35,783:DEBUG:discord.gateway: WebSocket Event: {'t': 'GUILD_CREATE', 's': 2, 'op': 0, 'd': {'voice_states': [], 'verification_level': 0, 'unavailable': False, 'system_channel_id': None, 'splash': None, 'roles': [{'position': 0, 'permissions': 104324161, 'name': '@everyone', 'mentionable': False, 'managed': False, 'id': '332331693451116544', 'hoist': False, 'color': 0}, {'position': 1, 'permissions': 1878514767, 'name': 'Real Niggas', 'mentionable': True, 'managed': False, 'id': '339518613004222466', 'hoist': True, 'color': 1752220}], 'region': 'us-east', 'presences': [{'user': {'id': '157959951501885440'}, 'status': 'online', 'game': None}, {'user': {'id': '193611937165213697'}, 'status': 'online', 'game': None}], 'owner_id': '157959951501885440', 'name': 'Testing', 'mfa_level': 0, 'members': [{'user': {'username': 'Alonzo', 'id': '157959951501885440', 'discriminator': '2459', 'avatar': '60d28b84f78414ea0b842455ca38be05'}, 'roles': ['339518613004222466'], 'mute': False, 'joined_at': '2017-07-06T01:27:30.314000+00:00', 'deaf': False}, {'user': {'username': 'dan', 'id': '159755412864892928', 'discriminator': '7123', 'avatar': '1181fa8a7b8c0363c64e1c95ae2e4a1c'}, 'roles': ['339518613004222466'], 'nick': 'Danie', 'mute': False, 'joined_at': '2017-07-11T06:44:39.749000+00:00', 'deaf': False}, {'user': {'username': 'NiggerBot', 'id': '193611937165213697', 'discriminator': '8137', 'bot': True, 'avatar': 'ebe583d12b00e1d9816f17acbad15b67'}, 'roles': [], 'mute': False, 'joined_at': '2017-07-06T01:27:52.404000+00:00', 'deaf': False}, {'user': {'username': 'solo', 'id': '333072370090639360', 'discriminator': '0475', 'avatar': '538f3687b5e291bbbe681c38687207c4'}, 'roles': [], 'mute': False, 'joined_at': '2017-09-06T01:29:40.417000+00:00', 'deaf': False}], 'member_count': 4, 'lazy': True, 'large': False, 'joined_at': '2017-07-06T01:27:52.404000+00:00', 'id': '332331693451116544', 'icon': 'eecad32926fd630063a53c1237e9e209', 'features': [], 'explicit_content_filter': 0, 'emojis': [], 'default_message_notifications': 0, 'channels': [{'type': 0, 'topic': None, 'position': 0, 'permission_overwrites': [], 'name': 'general', 'last_message_id': '464184094763515906', 'id': '332331693451116544'}, {'user_limit': 0, 'type': 2, 'position': 0, 'permission_overwrites': [], 'name': 'General', 'id': '332331694201765888', 'bitrate': 64000}], 'application_id': None, 'afk_timeout': 300, 'afk_channel_id': None}}
2018-07-04 17:43:35,784:DEBUG:discord.client: Dispatching event socket_response
2018-07-04 17:43:35,786:DEBUG:discord.client: Dispatching event server_available
2018-07-04 17:43:37,789:DEBUG:discord.client: Dispatching event ready
2018-07-04 17:43:39,857:DEBUG:discord.client: Dispatching event socket_raw_receive
2018-07-04 17:43:39,858:DEBUG:discord.gateway: WebSocket Event: {'t': 'TYPING_START', 's': 3, 'op': 0, 'd': {'user_id': '157959951501885440', 'timestamp': 1530740618, 'member': {'user': {'username': 'Alonzo', 'id': '157959951501885440', 'discriminator': '2459', 'avatar': '60d28b84f78414ea0b842455ca38be05'}, 'roles': ['339518613004222466'], 'mute': False, 'joined_at': '2017-07-06T01:27:30.314000+00:00', 'deaf': False}, 'channel_id': '332331693451116544', 'guild_id': '332331693451116544'}}
2018-07-04 17:43:39,858:DEBUG:discord.client: Dispatching event socket_response
2018-07-04 17:43:39,858:DEBUG:discord.client: Dispatching event typing
2018-07-04 17:43:43,726:DEBUG:discord.client: Dispatching event socket_raw_receive
2018-07-04 17:43:43,726:DEBUG:discord.gateway: WebSocket Event: {'t': 'MESSAGE_CREATE', 's': 4, 'op': 0, 'd': {'type': 0, 'tts': False, 'timestamp': '2018-07-04T21:43:41.842000+00:00', 'pinned': False, 'nonce': '464184561371185152', 'mentions': [], 'mention_roles': [], 'mention_everyone': False, 'member': {'roles': ['339518613004222466'], 'mute': False, 'joined_at': '2017-07-06T01:27:30.314000+00:00', 'deaf': False}, 'id': '464184554152919051', 'embeds': [], 'edited_timestamp': None, 'content': '!enemy thresh', 'channel_id': '332331693451116544', 'author': {'username': 'Alonzo', 'id': '157959951501885440', 'discriminator': '2459', 'avatar': '60d28b84f78414ea0b842455ca38be05'}, 'attachments': [], 'guild_id': '332331693451116544'}}
2018-07-04 17:43:43,726:DEBUG:discord.client: Dispatching event socket_response
2018-07-04 17:43:43,727:DEBUG:discord.client: Dispatching event message
2018-07-04 17:43:43,727:DEBUG:discord.client: Dispatching event command
2018-07-04 17:43:45,370:DEBUG:discord.client: Dispatching event socket_raw_receive
2018-07-04 17:43:45,370:DEBUG:discord.gateway: WebSocket Event: {'t': 'MESSAGE_CREATE', 's': 5, 'op': 0, 'd': {'type': 0, 'tts': False, 'timestamp': '2018-07-04T21:43:43.594000+00:00', 'pinned': False, 'nonce': None, 'mentions': [], 'mention_roles': [], 'mention_everyone': False, 'member': {'roles': [], 'mute': False, 'joined_at': '2017-07-06T01:27:52.404000+00:00', 'deaf': False}, 'id': '464184561501339658', 'embeds': [], 'edited_timestamp': None, 'content': "Thresh's Death Sentence has a long cast time.\nWatch for the cast to begin to take evasive actions.\nIntentionally breaking a wall of The Box can allow a vulnerable ally to escape unscathed.\nThresh relies on collecting souls for a portion of his defense and damage.\nTry punishing him when he moves to collect them.", 'channel_id': '332331693451116544', 'author': {'username': 'NiggerBot', 'id': '193611937165213697', 'discriminator': '8137', 'bot': True, 'avatar': 'ebe583d12b00e1d9816f17acbad15b67'}, 'attachments': [], 'guild_id': '332331693451116544'}}
2018-07-04 17:43:45,370:DEBUG:discord.client: Dispatching event socket_response
2018-07-04 17:43:45,370:DEBUG:discord.client: Dispatching event message
2018-07-04 17:43:45,381:DEBUG:discord.http: POST https://discordapp.com/api/v6/channels/332331693451116544/messages with {"content":"Thresh's Death Sentence has a long cast time.\nWatch for the cast to begin to take evasive actions.\nIntentionally breaking a wall of The Box can allow a vulnerable ally to escape unscathed.\nThresh relies on collecting souls for a portion of his defense and damage.\nTry punishing him when he moves to collect them.\n"} has returned 200
2018-07-04 17:43:45,381:DEBUG:discord.http: POST https://discordapp.com/api/v6/channels/332331693451116544/messages has received {'nonce': None, 'attachments': [], 'tts': False, 'embeds': [], 'timestamp': '2018-07-04T21:43:43.594000+00:00', 'mention_everyone': False, 'id': '464184561501339658', 'pinned': False, 'edited_timestamp': None, 'author': {'username': 'NiggerBot', 'discriminator': '8137', 'bot': True, 'id': '193611937165213697', 'avatar': 'ebe583d12b00e1d9816f17acbad15b67'}, 'mention_roles': [], 'content': "Thresh's Death Sentence has a long cast time.\nWatch for the cast to begin to take evasive actions.\nIntentionally breaking a wall of The Box can allow a vulnerable ally to escape unscathed.\nThresh relies on collecting souls for a portion of his defense and damage.\nTry punishing him when he moves to collect them.", 'channel_id': '332331693451116544', 'mentions': [], 'type': 0}
2018-07-04 17:43:45,386:DEBUG:discord.client: Dispatching event command_completion
2018-07-04 17:43:49,491:DEBUG:discord.client: Dispatching event socket_raw_receive
2018-07-04 17:43:49,492:DEBUG:discord.gateway: WebSocket Event: {'t': 'TYPING_START', 's': 6, 'op': 0, 'd': {'user_id': '157959951501885440', 'timestamp': 1530740627, 'member': {'user': {'username': 'Alonzo', 'id': '157959951501885440', 'discriminator': '2459', 'avatar': '60d28b84f78414ea0b842455ca38be05'}, 'roles': ['339518613004222466'], 'mute': False, 'joined_at': '2017-07-06T01:27:30.314000+00:00', 'deaf': False}, 'channel_id': '332331693451116544', 'guild_id': '332331693451116544'}}
2018-07-04 17:43:49,493:DEBUG:discord.client: Dispatching event socket_response
2018-07-04 17:43:49,493:DEBUG:discord.client: Dispatching event typing
2018-07-04 17:44:01,741:DEBUG:discord.client: Dispatching event socket_raw_receive
2018-07-04 17:44:01,741:DEBUG:discord.gateway: WebSocket Event: {'t': 'TYPING_START', 's': 7, 'op': 0, 'd': {'user_id': '157959951501885440', 'timestamp': 1530740639, 'member': {'user': {'username': 'Alonzo', 'id': '157959951501885440', 'discriminator': '2459', 'avatar': '60d28b84f78414ea0b842455ca38be05'}, 'roles': ['339518613004222466'], 'mute': False, 'joined_at': '2017-07-06T01:27:30.314000+00:00', 'deaf': False}, 'channel_id': '332331693451116544', 'guild_id': '332331693451116544'}}
2018-07-04 17:44:01,742:DEBUG:discord.client: Dispatching event socket_response
2018-07-04 17:44:01,742:DEBUG:discord.client: Dispatching event typing
2018-07-04 17:44:05,197:DEBUG:discord.client: Dispatching event socket_raw_receive
2018-07-04 17:44:05,197:DEBUG:discord.gateway: WebSocket Event: {'t': 'MESSAGE_CREATE', 's': 8, 'op': 0, 'd': {'type': 0, 'tts': False, 'timestamp': '2018-07-04T21:44:03.418000+00:00', 'pinned': False, 'nonce': '464184651754242048', 'mentions': [], 'mention_roles': [], 'mention_everyone': False, 'member': {'roles': ['339518613004222466'], 'mute': False, 'joined_at': '2017-07-06T01:27:30.314000+00:00', 'deaf': False}, 'id': '464184644649353226', 'embeds': [], 'edited_timestamp': None, 'content': '!weather pa state college', 'channel_id': '332331693451116544', 'author': {'username': 'Alonzo', 'id': '157959951501885440', 'discriminator': '2459', 'avatar': '60d28b84f78414ea0b842455ca38be05'}, 'attachments': [], 'guild_id': '332331693451116544'}}
2018-07-04 17:44:05,197:DEBUG:discord.client: Dispatching event socket_response
2018-07-04 17:44:05,198:DEBUG:discord.client: Dispatching event message
2018-07-04 17:44:05,198:DEBUG:discord.client: Dispatching event command
2018-07-04 17:44:06,443:DEBUG:discord.client: Dispatching event socket_raw_receive
2018-07-04 17:44:06,443:DEBUG:discord.gateway: WebSocket Event: {'t': 'MESSAGE_CREATE', 's': 9, 'op': 0, 'd': {'type': 0, 'tts': False, 'timestamp': '2018-07-04T21:44:04.661000+00:00', 'pinned': False, 'nonce': None, 'mentions': [], 'mention_roles': [], 'mention_everyone': False, 'member': {'roles': [], 'mute': False, 'joined_at': '2017-07-06T01:27:52.404000+00:00', 'deaf': False}, 'id': '464184649862873098', 'embeds': [], 'edited_timestamp': None, 'content': 'The weather in State College, PA is Mostly Cloudy at 74.1F degrees but feels like 74.1F. \n 10AM....72.0F \n 1PM.....74.7F \n 4PM.....76.8F \n 7PM.....81.5F \n 10PM....78.8F \n Last Updated on July 4, 5:43 PM EDT', 'channel_id': '332331693451116544', 'author': {'username': 'NiggerBot', 'id': '193611937165213697', 'discriminator': '8137', 'bot': True, 'avatar': 'ebe583d12b00e1d9816f17acbad15b67'}, 'attachments': [], 'guild_id': '332331693451116544'}}
2018-07-04 17:44:06,443:DEBUG:discord.client: Dispatching event socket_response
2018-07-04 17:44:06,447:DEBUG:discord.client: Dispatching event message
2018-07-04 17:44:06,463:DEBUG:discord.http: POST https://discordapp.com/api/v6/channels/332331693451116544/messages with {"content":"\nThe weather in State College, PA is Mostly Cloudy at 74.1F degrees but feels like 74.1F. \n 10AM....72.0F \n 1PM.....74.7F \n 4PM.....76.8F \n 7PM.....81.5F \n 10PM....78.8F \n Last Updated on July 4, 5:43 PM EDT"} has returned 200
2018-07-04 17:44:06,463:DEBUG:discord.http: POST https://discordapp.com/api/v6/channels/332331693451116544/messages has received {'nonce': None, 'attachments': [], 'tts': False, 'embeds': [], 'timestamp': '2018-07-04T21:44:04.661000+00:00', 'mention_everyone': False, 'id': '464184649862873098', 'pinned': False, 'edited_timestamp': None, 'author': {'username': 'NiggerBot', 'discriminator': '8137', 'bot': True, 'id': '193611937165213697', 'avatar': 'ebe583d12b00e1d9816f17acbad15b67'}, 'mention_roles': [], 'content': 'The weather in State College, PA is Mostly Cloudy at 74.1F degrees but feels like 74.1F. \n 10AM....72.0F \n 1PM.....74.7F \n 4PM.....76.8F \n 7PM.....81.5F \n 10PM....78.8F \n Last Updated on July 4, 5:43 PM EDT', 'channel_id': '332331693451116544', 'mentions': [], 'type': 0}
2018-07-04 17:44:06,463:DEBUG:discord.client: Dispatching event command_completion
2018-07-04 17:44:16,981:DEBUG:discord.gateway: Keeping websocket alive with sequence 9
